<?xml version="1.0" encoding="UTF-8"?>
<TestRun id="8f0448cf-22aa-4b70-a8f6-cec6224a8ec8" name="Administrator@NEVER 2015-10-20 23:53:22" runUser="NEVER\Administrator" xmlns="http://microsoft.com/schemas/VisualStudio/TeamTest/2010">
  <TestSettings name="Local" id="8f79db0d-99c0-4330-b2f3-6766f5243698">
    <Description>These are default test settings for a local test run.</Description>
    <Deployment enabled="false" runDeploymentRoot="Administrator_NEVER 2015-10-20 23_53_22">
      <DeploymentItem filename="E:\learning material\interesting\C#\1\代码\Homework\Homework\bin\Debug\Homework.exe" />
    </Deployment>
    <Execution>
      <TestTypeSpecific />
      <AgentRule name="Execution Agents">
      </AgentRule>
    </Execution>
  </TestSettings>
  <Times creation="2015-10-20T23:53:22.3000419+08:00" queuing="2015-10-20T23:53:23.3651028+08:00" start="2015-10-20T23:53:23.4491076+08:00" finish="2015-10-20T23:53:24.1711489+08:00" />
  <ResultSummary outcome="Completed">
    <Counters total="1" executed="1" passed="1" error="0" failed="0" timeout="0" aborted="0" inconclusive="0" passedButRunAborted="0" notRunnable="0" notExecuted="0" disconnected="0" warning="0" completed="0" inProgress="0" pending="0" />
  </ResultSummary>
  <TestDefinitions>
    <UnitTest name="StringCheckerConstructorTest" storage="e:\learning material\interesting\c#\1\代码\homework\stringcheckertest\bin\debug\stringcheckertest.dll" id="ade5054a-daf8-81e1-f1cc-43b0210bd61f">
      <Execution id="6886f957-94be-4abb-b212-43f3865d7528" />
      <TestMethod codeBase="E:/learning material/interesting/C#/1/代码/Homework/StringCheckerTest/bin/Debug/StringCheckerTest.DLL" adapterTypeName="Microsoft.VisualStudio.TestTools.TestTypes.Unit.UnitTestAdapter, Microsoft.VisualStudio.QualityTools.Tips.UnitTest.Adapter, Version=10.0.0.0, Culture=neutral, PublicKeyToken=b03f5f7f11d50a3a" className="StringCheckerTest.StringCheckerTest, StringCheckerTest, Version=1.0.0.0, Culture=neutral, PublicKeyToken=null" name="StringCheckerConstructorTest" />
    </UnitTest>
  </TestDefinitions>
  <TestLists>
    <TestList name="Results Not in a List" id="8c84fa94-04c1-424b-9868-57a2d4851a1d" />
    <TestList name="All Loaded Results" id="19431567-8539-422a-85d7-44ee4e166bda" />
  </TestLists>
  <TestEntries>
    <TestEntry testId="ade5054a-daf8-81e1-f1cc-43b0210bd61f" executionId="6886f957-94be-4abb-b212-43f3865d7528" testListId="8c84fa94-04c1-424b-9868-57a2d4851a1d" />
  </TestEntries>
  <Results>
    <UnitTestResult executionId="6886f957-94be-4abb-b212-43f3865d7528" testId="ade5054a-daf8-81e1-f1cc-43b0210bd61f" testName="StringCheckerConstructorTest" computerName="NEVER" duration="00:00:00.0516271" startTime="2015-10-20T23:53:23.4971103+08:00" endTime="2015-10-20T23:53:24.1151457+08:00" testType="13cdc9d9-ddb5-4fa4-a97d-d965ccfc6d4b" outcome="Passed" testListId="8c84fa94-04c1-424b-9868-57a2d4851a1d" relativeResultsDirectory="6886f957-94be-4abb-b212-43f3865d7528">
    </UnitTestResult>
  </Results>
</TestRun>